<?xml version="1.0" encoding="UTF-8"?>
<testsuite name="FileSearcher Comprehensive Tests" tests="21" skipped="0" failures="0" errors="0" timestamp="2025-10-27T05:57:48.894Z" hostname="LENOVOY" time="0.35">
  <properties/>
  <testcase name="Recursive search through multiple directory levels" classname="com.filesearch.FileSearcherComprehensiveTest" time="0.047"/>
  <testcase name="Search for non-existent file - base case" classname="com.filesearch.FileSearcherComprehensiveTest" time="0.008"/>
  <testcase name="Search with empty file names array" classname="com.filesearch.FileSearcherComprehensiveTest" time="0.007"/>
  <testcase name="Case insensitive search with multiple case variations" classname="com.filesearch.FileSearcherComprehensiveTest" time="0.013"/>
  <testcase name="Search for files with special characters in names" classname="com.filesearch.FileSearcherComprehensiveTest" time="0.009"/>
  <testcase name="Case insensitive search finds all case variations" classname="com.filesearch.FileSearcherComprehensiveTest" time="0.01"/>
  <testcase name="[1] file1.txt" classname="com.filesearch.FileSearcherComprehensiveTest" time="0.029"/>
  <testcase name="[2] config.xml" classname="com.filesearch.FileSearcherComprehensiveTest" time="0.009"/>
  <testcase name="[3] readme.md" classname="com.filesearch.FileSearcherComprehensiveTest" time="0.009"/>
  <testcase name="[4] data.json" classname="com.filesearch.FileSearcherComprehensiveTest" time="0.008"/>
  <testcase name="Count occurrences without performing search" classname="com.filesearch.FileSearcherComprehensiveTest" time="0.004"/>
  <testcase name="Search with non-existent directory path" classname="com.filesearch.FileSearcherComprehensiveTest" time="0.004"/>
  <testcase name="Search for multiple files simultaneously" classname="com.filesearch.FileSearcherComprehensiveTest" time="0.026"/>
  <testcase name="Test search results are independent instances" classname="com.filesearch.FileSearcherComprehensiveTest" time="0.009"/>
  <testcase name="Case sensitive search finds exact matches only" classname="com.filesearch.FileSearcherComprehensiveTest" time="0.012"/>
  <testcase name="Search in empty directory - base case" classname="com.filesearch.FileSearcherComprehensiveTest" time="0.005"/>
  <testcase name="Search with file instead of directory" classname="com.filesearch.FileSearcherComprehensiveTest" time="0.024"/>
  <testcase name="Test case sensitivity setting can be changed" classname="com.filesearch.FileSearcherComprehensiveTest" time="0.002"/>
  <testcase name="Search with null directory path" classname="com.filesearch.FileSearcherComprehensiveTest" time="0.003"/>
  <testcase name="Find files at all directory levels recursively" classname="com.filesearch.FileSearcherComprehensiveTest" time="0.016"/>
  <testcase name="Search in directory with many files" classname="com.filesearch.FileSearcherComprehensiveTest" time="0.042"/>
  <system-out><![CDATA[Found: C:\WINDOWS\TEMP\junit11557960331544417794\complexTest\subdir1\deep\deeper\deepfile.txt
Found: C:\WINDOWS\TEMP\junit2859755757162349854\enhancedCaseTest622532608335900\readme.txt
Found: C:\WINDOWS\TEMP\junit2859755757162349854\enhancedCaseTest622532608335900\subdir1\README.TXT
Found: C:\WINDOWS\TEMP\junit2859755757162349854\enhancedCaseTest622532608335900\subdir2\Readme.txt
Found: C:\WINDOWS\TEMP\junit16777722833180144716\specialChars\file with spaces.txt
Found: C:\WINDOWS\TEMP\junit16777722833180144716\specialChars\file-with-dashes.txt
Found: C:\WINDOWS\TEMP\junit16777722833180144716\specialChars\file_with_underscores.txt
Found: C:\WINDOWS\TEMP\junit2883293904700986982\caseTest622532632433600\readme.txt
Found: C:\WINDOWS\TEMP\junit2883293904700986982\caseTest622532632433600\subdir\Readme.txt
Found: C:\WINDOWS\TEMP\junit10171740877085833870\simpleTest\file1.txt
Found: C:\WINDOWS\TEMP\junit6047799643061376004\simpleTest\config.xml
Found: C:\WINDOWS\TEMP\junit783735925705027894\simpleTest\readme.md
Found: C:\WINDOWS\TEMP\junit16590992064547472010\simpleTest\data.json
Found: C:\WINDOWS\TEMP\junit4918371113326269862\fixedComplexTest\common.txt
Found: C:\WINDOWS\TEMP\junit4918371113326269862\fixedComplexTest\subdir1\common.txt
Found: C:\WINDOWS\TEMP\junit4918371113326269862\fixedComplexTest\subdir1\deep\deeper\common.txt
Found: C:\WINDOWS\TEMP\junit4918371113326269862\fixedComplexTest\subdir2\common.txt
Found: C:\WINDOWS\TEMP\junit4918371113326269862\fixedComplexTest\config.xml
Found: C:\WINDOWS\TEMP\junit4918371113326269862\fixedComplexTest\subdir1\config.xml
Found: C:\WINDOWS\TEMP\junit4918371113326269862\fixedComplexTest\subdir1\deep\deeper\config.xml
Found: C:\WINDOWS\TEMP\junit4918371113326269862\fixedComplexTest\subdir2\data.json
Multiple file search found:
  C:\WINDOWS\TEMP\junit4918371113326269862\fixedComplexTest\common.txt
  C:\WINDOWS\TEMP\junit4918371113326269862\fixedComplexTest\subdir1\common.txt
  C:\WINDOWS\TEMP\junit4918371113326269862\fixedComplexTest\subdir1\deep\deeper\common.txt
  C:\WINDOWS\TEMP\junit4918371113326269862\fixedComplexTest\subdir2\common.txt
  C:\WINDOWS\TEMP\junit4918371113326269862\fixedComplexTest\config.xml
  C:\WINDOWS\TEMP\junit4918371113326269862\fixedComplexTest\subdir1\config.xml
  C:\WINDOWS\TEMP\junit4918371113326269862\fixedComplexTest\subdir1\deep\deeper\config.xml
  C:\WINDOWS\TEMP\junit4918371113326269862\fixedComplexTest\subdir2\data.json
Found: C:\WINDOWS\TEMP\junit16339988783921280840\simpleTest\file1.txt
Found: C:\WINDOWS\TEMP\junit16999139174139451546\caseTest622532778231300\readme.txt
Found: C:\WINDOWS\TEMP\junit5747545141140214795\complexTest\common.txt
Found: C:\WINDOWS\TEMP\junit5747545141140214795\complexTest\subdir1\common.txt
Found: C:\WINDOWS\TEMP\junit5747545141140214795\complexTest\subdir1\deep\deeper\common.txt
Found: C:\WINDOWS\TEMP\junit5747545141140214795\complexTest\subdir2\common.txt
Found: C:\WINDOWS\TEMP\junit9433644219934024688\manyFiles\file25.txt
]]></system-out>
  <system-err><![CDATA[]]></system-err>
</testsuite>
